\BOOKMARK [1][-]{section*.4}{Introduction}{}% 1
\BOOKMARK [1][-]{section*.5}{Related Work}{}% 2
\BOOKMARK [2][-]{section*.6}{Attacks on Webcam LEDs}{section*.5}% 3
\BOOKMARK [2][-]{section*.7}{Indicators and Warnings}{section*.5}% 4
\BOOKMARK [2][-]{section*.8}{Privacy Concerns for Ubiquitous Sensing}{section*.5}% 5
\BOOKMARK [1][-]{section*.9}{Awareness and Perceptions}{}% 6
\BOOKMARK [2][-]{section*.10}{Methodology}{section*.9}% 7
\BOOKMARK [2][-]{section*.11}{Results}{section*.9}% 8
\BOOKMARK [3][-]{section*.12}{Behavior}{section*.11}% 9
\BOOKMARK [3][-]{section*.13}{Risk Awareness}{section*.11}% 10
\BOOKMARK [3][-]{section*.14}{Victimization}{section*.11}% 11
\BOOKMARK [1][-]{section*.15}{Laboratory Experiment}{}% 12
\BOOKMARK [2][-]{section*.16}{Methodology}{section*.15}% 13
\BOOKMARK [3][-]{section*.17}{Procedure}{section*.16}% 14
\BOOKMARK [3][-]{section*.18}{Recruitment}{section*.16}% 15
\BOOKMARK [2][-]{section*.19}{Results}{section*.15}% 16
\BOOKMARK [3][-]{section*.20}{Noticing the Indicator}{section*.19}% 17
\BOOKMARK [3][-]{section*.21}{Task Influence}{section*.19}% 18
\BOOKMARK [3][-]{section*.22}{Understanding the Webcam LED}{section*.19}% 19
\BOOKMARK [1][-]{section*.23}{Mitigation}{}% 20
\BOOKMARK [2][-]{section*.24}{Methodology}{section*.23}% 21
\BOOKMARK [2][-]{section*.25}{Results}{section*.23}% 22
\BOOKMARK [3][-]{section*.26}{Noticing the Red Camera Glyph}{section*.25}% 23
\BOOKMARK [3][-]{section*.27}{Understanding the Red Camera Glyph}{section*.25}% 24
\BOOKMARK [1][-]{section*.28}{Exit Survey}{}% 25
\BOOKMARK [2][-]{section*.29}{Experienced Webcam Turning on Unexpectedly}{section*.28}% 26
\BOOKMARK [2][-]{section*.30}{Security/Privacy Concerns}{section*.28}% 27
\BOOKMARK [2][-]{section*.31}{Security Behavior}{section*.28}% 28
\BOOKMARK [1][-]{section*.32}{Limitations}{}% 29
\BOOKMARK [1][-]{section*.33}{Discussion}{}% 30
\BOOKMARK [2][-]{section*.34}{Mitigations}{section*.33}% 31
\BOOKMARK [3][-]{section*.35}{Noticeable Indicators}{section*.34}% 32
\BOOKMARK [3][-]{section*.36}{Improving Understanding}{section*.34}% 33
\BOOKMARK [2][-]{section*.37}{Sophisticated Attacks}{section*.33}% 34
\BOOKMARK [1][-]{section*.38}{Conclusion}{}% 35
\BOOKMARK [1][-]{section*.39}{Acknowledgements}{}% 36
\BOOKMARK [1][-]{section*.40}{REFERENCES }{}% 37
